<?xml version="1.0" encoding="UTF-8"?>
<!-- Generated by org.testng.reporters.JUnitXMLReporter -->
<testsuite ignored="1" hostname="ameera" failures="0" tests="2" name="Manage Employee Test" time="26.296" errors="0" timestamp="2024-12-23T12:38:29 AST">
  <testcase classname="ameera.Tests.ManageEmployeeTest" name="addEmployee" time="8.047"/>
  <testcase classname="ameera.Tests.ManageEmployeeTest" name="deleteEmployee" time="7.945"/>
  <testcase classname="ameera.Tests.ManageEmployeeTest" name="updateEmployee" time="0.0">
    <ignored/>
  </testcase> <!-- updateEmployee -->
</testsuite> <!-- Manage Employee Test -->
