<?xml version="1.0" encoding="UTF-8"?>
<!-- Generated by org.testng.reporters.JUnitXMLReporter -->
<testsuite ignored="0" hostname="ameera" failures="1" tests="1" name="Manage Leave Test" time="13.489" errors="0" timestamp="2024-12-23T12:38:43 AST">
  <testcase classname="ameera.Tests.ManageLeaveTest" name="addLeaveRequest" time="8.317">
    <failure type="org.openqa.selenium.NoSuchElementException" message="FMLA option not found
For documentation on this error, please visit: https://www.selenium.dev/documentation/webdriver/troubleshooting/errors#no-such-element-exception
Build info: version: &amp;apos;4.27.0&amp;apos;, revision: &amp;apos;d6e718d134&amp;apos;
System info: os.name: &amp;apos;Windows 11&amp;apos;, os.arch: &amp;apos;amd64&amp;apos;, os.version: &amp;apos;10.0&amp;apos;, java.version: &amp;apos;21.0.4&amp;apos;
Driver info: driver.version: unknown">
      <![CDATA[org.openqa.selenium.NoSuchElementException: FMLA option not found
For documentation on this error, please visit: https://www.selenium.dev/documentation/webdriver/troubleshooting/errors#no-such-element-exception
Build info: version: '4.27.0', revision: 'd6e718d134'
System info: os.name: 'Windows 11', os.arch: 'amd64', os.version: '10.0', java.version: '21.0.4'
Driver info: driver.version: unknown
at ameera.PageObject.LeavePage.lambda$1(LeavePage.java:62)
at java.base/java.util.Optional.orElseThrow(Optional.java:403)
at ameera.PageObject.LeavePage.addLeaveRequest(LeavePage.java:62)
at ameera.Tests.ManageLeaveTest.addLeaveRequest(ManageLeaveTest.java:14)
at java.base/java.util.ArrayList.forEach(ArrayList.java:1596)
... Removed 25 stack frames]]>
    </failure>
  </testcase> <!-- addLeaveRequest -->
</testsuite> <!-- Manage Leave Test -->
